<?xml version="1.0" encoding="UTF-8"?>
<!-- Generated by org.testng.reporters.JUnitReportReporter -->
<testsuite skipped="0" hostname="IBM931-PC073D58" name="com.ibm.Jenkins1.com.ibm.Jenkins1.LaunchAppTest" tests="1" failures="0" timestamp="04 Jan 2019 12:31:59 GMT" time="37.002" errors="0">
  <testcase name="Demo" time="37.002" classname="com.ibm.Jenkins1.com.ibm.Jenkins1.LaunchAppTest"/>
</testsuite> <!-- com.ibm.Jenkins1.com.ibm.Jenkins1.LaunchAppTest -->
